<?xml version="1.0" encoding="UTF-8"?>
<testsuite name="org.spbu.trees.AVLTree.AVLTreeTest" tests="29" skipped="0" failures="0" errors="0" timestamp="2025-11-18T11:15:23" hostname="NickLaptop" time="0.066">
  <properties/>
  <testcase name="testRightRight" classname="org.spbu.trees.AVLTree.AVLTreeTest" time="0.004"/>
  <testcase name="equalInsert" classname="org.spbu.trees.AVLTree.AVLTreeTest" time="0.001"/>
  <testcase name="searchMaxAndMinInEmptyTree" classname="org.spbu.trees.AVLTree.AVLTreeTest" time="0.0"/>
  <testcase name="testLeftRight" classname="org.spbu.trees.AVLTree.AVLTreeTest" time="0.001"/>
  <testcase name="testLeftLeft" classname="org.spbu.trees.AVLTree.AVLTreeTest" time="0.001"/>
  <testcase name="searchMaxMinInTreeWithOneNode" classname="org.spbu.trees.AVLTree.AVLTreeTest" time="0.0"/>
  <testcase name="testRoot" classname="org.spbu.trees.AVLTree.AVLTreeTest" time="0.001"/>
  <testcase name="searchInEmptyTree" classname="org.spbu.trees.AVLTree.AVLTreeTest" time="0.0"/>
  <testcase name="udobniyPereborWithIterator" classname="org.spbu.trees.AVLTree.AVLTreeTest" time="0.035"/>
  <testcase name="testRightLeft" classname="org.spbu.trees.AVLTree.AVLTreeTest" time="0.001"/>
  <testcase name="udobniyPerebor" classname="org.spbu.trees.AVLTree.AVLTreeTest" time="0.0"/>
  <testcase name="deleteAllNodes" classname="org.spbu.trees.AVLTree.AVLTreeTest" time="0.0"/>
  <testcase name="searchInTree" classname="org.spbu.trees.AVLTree.AVLTreeTest" time="0.0"/>
  <testcase name="searchMaxAndMin" classname="org.spbu.trees.AVLTree.AVLTreeTest" time="0.0"/>
  <testcase name="udobniyPereborInNullTree" classname="org.spbu.trees.AVLTree.AVLTreeTest" time="0.01"/>
  <testcase name="testDeleteLR" classname="org.spbu.trees.AVLTree.AVLTreeTest" time="0.001"/>
  <testcase name="testDeleteRL" classname="org.spbu.trees.AVLTree.AVLTreeTest" time="0.0"/>
  <testcase name="testDeleteRR" classname="org.spbu.trees.AVLTree.AVLTreeTest" time="0.0"/>
  <testcase name="advancedInsertLL" classname="org.spbu.trees.AVLTree.AVLTreeTest" time="0.001"/>
  <testcase name="advancedInsertLR" classname="org.spbu.trees.AVLTree.AVLTreeTest" time="0.0"/>
  <testcase name="advancedInsertRL" classname="org.spbu.trees.AVLTree.AVLTreeTest" time="0.0"/>
  <testcase name="advancedInsertRR" classname="org.spbu.trees.AVLTree.AVLTreeTest" time="0.001"/>
  <testcase name="advancedDelete1" classname="org.spbu.trees.AVLTree.AVLTreeTest" time="0.0"/>
  <testcase name="advancedDelete2" classname="org.spbu.trees.AVLTree.AVLTreeTest" time="0.0"/>
  <testcase name="advancedDelete3" classname="org.spbu.trees.AVLTree.AVLTreeTest" time="0.001"/>
  <testcase name="advancedDelete4" classname="org.spbu.trees.AVLTree.AVLTreeTest" time="0.0"/>
  <testcase name="advancedInsert1" classname="org.spbu.trees.AVLTree.AVLTreeTest" time="0.0"/>
  <testcase name="advancedInsert2" classname="org.spbu.trees.AVLTree.AVLTreeTest" time="0.0"/>
  <testcase name="advancedInsert3" classname="org.spbu.trees.AVLTree.AVLTreeTest" time="0.0"/>
  <system-out><![CDATA[]]></system-out>
  <system-err><![CDATA[]]></system-err>
</testsuite>
